<?xml version="1.0" encoding="UTF-8"?>
<testng-results ignored="0" total="1" passed="1" failed="0" skipped="0">
  <reporter-output>
  </reporter-output>
  <suite started-at="2024-06-08T12:27:22 IST" name="Suite" finished-at="2024-06-08T12:27:36 IST" duration-ms="13634">
    <groups>
    </groups>
    <test started-at="2024-06-08T12:27:22 IST" name="Test" finished-at="2024-06-08T12:27:36 IST" duration-ms="13634">
      <class name="SendMessages.SendText">
        <test-method signature="text()[pri:0, instance:SendMessages.SendText@a1153bc]" started-at="2024-06-08T12:27:22 IST" name="text" finished-at="2024-06-08T12:27:36 IST" duration-ms="13589" status="PASS">
          <reporter-output>
          </reporter-output>
        </test-method> <!-- text -->
      </class> <!-- SendMessages.SendText -->
    </test> <!-- Test -->
  </suite> <!-- Suite -->
</testng-results>
